<?xml version="1.0" encoding="UTF-8"?>
<!-- Generated by org.testng.reporters.JUnitXMLReporter -->
<testsuite ignored="0" hostname="Micky" failures="0" tests="3" name="Default test" time="3.627" errors="0" timestamp="2025-08-25T12:40:36 IST">
  <testcase classname="Scripts.EndToEndTesting" name="createUser_extractId" time="1.977"/>
  <testcase classname="Scripts.EndToEndTesting" name="updateUser_put" time="0.99"/>
  <testcase classname="Scripts.EndToEndTesting" name="deleteUser" time="0.629"/>
</testsuite> <!-- Default test -->
