<?xml version="1.0" encoding="UTF-8"?>
<!-- Generated by org.testng.reporters.JUnitXMLReporter -->
<testsuite ignored="0" hostname="Micky" failures="0" tests="3" name="Default test" time="3.74" errors="0" timestamp="2025-08-25T12:44:54 IST">
  <testcase classname="Scripts.EndToEndTesting" name="createUser_extractId" time="2.062"/>
  <testcase classname="Scripts.EndToEndTesting" name="updateUser_put" time="1.013"/>
  <testcase classname="Scripts.EndToEndTesting" name="deleteUser" time="0.634"/>
</testsuite> <!-- Default test -->
