<?xml version="1.0" encoding="UTF-8"?>
<testng-results ignored="0" total="3" passed="3" failed="0" skipped="0">
  <reporter-output>
  </reporter-output>
  <suite started-at="2025-08-24T23:37:34 IST" name="Default suite" finished-at="2025-08-24T23:37:38 IST" duration-ms="3200">
    <groups>
    </groups>
    <test started-at="2025-08-24T23:37:34 IST" name="Default test" finished-at="2025-08-24T23:37:38 IST" duration-ms="3200">
      <class name="Scripts.EndToEndTesting">
        <test-method signature="createUser_extractId()[pri:1, instance:Scripts.EndToEndTesting@f6efaab]" started-at="2025-08-24T23:37:34 IST" name="createUser_extractId" finished-at="2025-08-24T23:37:36 IST" duration-ms="1861" status="PASS">
          <reporter-output>
          </reporter-output>
        </test-method> <!-- createUser_extractId -->
        <test-method signature="updateUser_put()[pri:2, instance:Scripts.EndToEndTesting@f6efaab]" started-at="2025-08-24T23:37:36 IST" name="updateUser_put" finished-at="2025-08-24T23:37:37 IST" depends-on-methods="Scripts.EndToEndTesting.createUser_extractId" duration-ms="758" status="PASS">
          <reporter-output>
          </reporter-output>
        </test-method> <!-- updateUser_put -->
        <test-method signature="deleteUser()[pri:3, instance:Scripts.EndToEndTesting@f6efaab]" started-at="2025-08-24T23:37:37 IST" name="deleteUser" finished-at="2025-08-24T23:37:38 IST" depends-on-methods="Scripts.EndToEndTesting.updateUser_put" duration-ms="547" status="PASS">
          <reporter-output>
          </reporter-output>
        </test-method> <!-- deleteUser -->
      </class> <!-- Scripts.EndToEndTesting -->
    </test> <!-- Default test -->
  </suite> <!-- Default suite -->
</testng-results>
